Build started 10/13/2014 4:22:48 PM.
     1>Project "G:\Academic\Current_Courses\ComputerGraphics\Assignments\assign1ModernOpenGL\assign1ModernOpenGL\assign1ModernOpenGL.vcxproj" on node 2 (Build target(s)).
     1>ClCompile:
         C:\Program Files (x86)\Microsoft Visual Studio 11.0\VC\bin\CL.exe /c /ZI /nologo /W3 /WX- /Od /Oy- /D WIN32 /D _DEBUG /D _CONSOLE /D _UNICODE /D UNICODE /Gm /EHsc /RTC1 /MDd /GS /fp:precise /Zc:wchar_t /Zc:forScope /Fo"Debug\\" /Fd"Debug\vc110.pdb" /Gd /TP /analyze- /errorReport:prompt main.cpp Pose.cpp Utilities.cpp
         Utilities.cpp
         Pose.cpp
         main.cpp
         GLM: perspective function taking degrees as a parameter is deprecated. #define GLM_FORCE_RADIANS before including GLM headers to remove this message.
         GLM: rotate function taking degrees as a parameter is deprecated. #define GLM_FORCE_RADIANS before including GLM headers to remove this message.
         Generating Code...
       Link:
         C:\Program Files (x86)\Microsoft Visual Studio 11.0\VC\bin\link.exe /ERRORREPORT:PROMPT /OUT:"G:\Academic\Current_Courses\ComputerGraphics\Assignments\assign1ModernOpenGL\Debug\assign1ModernOpenGL.exe" /INCREMENTAL /NOLOGO opengl32.lib glfw3.lib glew32.lib libjpeg.lib libtiff.lib picLibrary.lib kernel32.lib user32.lib gdi32.lib winspool.lib comdlg32.lib advapi32.lib shell32.lib ole32.lib oleaut32.lib uuid.lib odbc32.lib odbccp32.lib /MANIFEST /MANIFESTUAC:"level='asInvoker' uiAccess='false'" /manifest:embed /DEBUG /PDB:"G:\Academic\Current_Courses\ComputerGraphics\Assignments\assign1ModernOpenGL\Debug\assign1ModernOpenGL.pdb" /SUBSYSTEM:CONSOLE /TLBID:1 /DYNAMICBASE /NXCOMPAT /IMPLIB:"G:\Academic\Current_Courses\ComputerGraphics\Assignments\assign1ModernOpenGL\Debug\assign1ModernOpenGL.lib" /MACHINE:X86 Debug\main.obj
         Debug\Pose.obj
         Debug\Utilities.obj
         picLibrary.lib(pic.obj) : MSIL .netmodule or module compiled with /GL found; restarting link with /LTCG; add /LTCG to the link command line to improve linker performance
     1>LINK : warning LNK4075: ignoring '/INCREMENTAL' due to '/LTCG' specification
     1>main.obj : warning LNK4075: ignoring '/EDITANDCONTINUE' due to '/OPT:LBR' specification
     1>LINK : warning LNK4098: defaultlib 'MSVCRT' conflicts with use of other libs; use /NODEFAULTLIB:library
     1>MSVCRTD.lib(cinitexe.obj) : warning LNK4098: defaultlib 'libcmtd.lib' conflicts with use of other libs; use /NODEFAULTLIB:library
         Generating code
         Finished generating code
     1>picLibrary.lib(pic.obj) : warning LNK4099: PDB 'vc100.pdb' was not found with 'picLibrary.lib(pic.obj)' or at 'G:\Academic\Current_Courses\ComputerGraphics\Assignments\assign1ModernOpenGL\Debug\vc100.pdb'; linking object as if no debug info
     1>picLibrary.lib(jpeg.obj) : warning LNK4099: PDB 'vc100.pdb' was not found with 'picLibrary.lib(jpeg.obj)' or at 'G:\Academic\Current_Courses\ComputerGraphics\Assignments\assign1ModernOpenGL\Debug\vc100.pdb'; linking object as if no debug info
     1>picLibrary.lib(ppm.obj) : warning LNK4099: PDB 'vc100.pdb' was not found with 'picLibrary.lib(ppm.obj)' or at 'G:\Academic\Current_Courses\ComputerGraphics\Assignments\assign1ModernOpenGL\Debug\vc100.pdb'; linking object as if no debug info
     1>picLibrary.lib(tiff.obj) : warning LNK4099: PDB 'vc100.pdb' was not found with 'picLibrary.lib(tiff.obj)' or at 'G:\Academic\Current_Courses\ComputerGraphics\Assignments\assign1ModernOpenGL\Debug\vc100.pdb'; linking object as if no debug info
     1>libjpeg.lib(jcapimin.obj) : warning LNK4099: PDB 'vc100.pdb' was not found with 'libjpeg.lib(jcapimin.obj)' or at 'G:\Academic\Current_Courses\ComputerGraphics\Assignments\assign1ModernOpenGL\Debug\vc100.pdb'; linking object as if no debug info
     1>libjpeg.lib(jcapistd.obj) : warning LNK4099: PDB 'vc100.pdb' was not found with 'libjpeg.lib(jcapistd.obj)' or at 'G:\Academic\Current_Courses\ComputerGraphics\Assignments\assign1ModernOpenGL\Debug\vc100.pdb'; linking object as if no debug info
     1>libjpeg.lib(jcarith.obj) : warning LNK4099: PDB 'vc100.pdb' was not found with 'libjpeg.lib(jcarith.obj)' or at 'G:\Academic\Current_Courses\ComputerGraphics\Assignments\assign1ModernOpenGL\Debug\vc100.pdb'; linking object as if no debug info
     1>libjpeg.lib(jcparam.obj) : warning LNK4099: PDB 'vc100.pdb' was not found with 'libjpeg.lib(jcparam.obj)' or at 'G:\Academic\Current_Courses\ComputerGraphics\Assignments\assign1ModernOpenGL\Debug\vc100.pdb'; linking object as if no debug info
     1>libjpeg.lib(jdatadst.obj) : warning LNK4099: PDB 'vc100.pdb' was not found with 'libjpeg.lib(jdatadst.obj)' or at 'G:\Academic\Current_Courses\ComputerGraphics\Assignments\assign1ModernOpenGL\Debug\vc100.pdb'; linking object as if no debug info
     1>libjpeg.lib(jcinit.obj) : warning LNK4099: PDB 'vc100.pdb' was not found with 'libjpeg.lib(jcinit.obj)' or at 'G:\Academic\Current_Courses\ComputerGraphics\Assignments\assign1ModernOpenGL\Debug\vc100.pdb'; linking object as if no debug info
     1>libjpeg.lib(jcmaster.obj) : warning LNK4099: PDB 'vc100.pdb' was not found with 'libjpeg.lib(jcmaster.obj)' or at 'G:\Academic\Current_Courses\ComputerGraphics\Assignments\assign1ModernOpenGL\Debug\vc100.pdb'; linking object as if no debug info
     1>libjpeg.lib(jcmarker.obj) : warning LNK4099: PDB 'vc100.pdb' was not found with 'libjpeg.lib(jcmarker.obj)' or at 'G:\Academic\Current_Courses\ComputerGraphics\Assignments\assign1ModernOpenGL\Debug\vc100.pdb'; linking object as if no debug info
     1>libjpeg.lib(jcmainct.obj) : warning LNK4099: PDB 'vc100.pdb' was not found with 'libjpeg.lib(jcmainct.obj)' or at 'G:\Academic\Current_Courses\ComputerGraphics\Assignments\assign1ModernOpenGL\Debug\vc100.pdb'; linking object as if no debug info
     1>libjpeg.lib(jcprepct.obj) : warning LNK4099: PDB 'vc100.pdb' was not found with 'libjpeg.lib(jcprepct.obj)' or at 'G:\Academic\Current_Courses\ComputerGraphics\Assignments\assign1ModernOpenGL\Debug\vc100.pdb'; linking object as if no debug info
     1>libjpeg.lib(jccoefct.obj) : warning LNK4099: PDB 'vc100.pdb' was not found with 'libjpeg.lib(jccoefct.obj)' or at 'G:\Academic\Current_Courses\ComputerGraphics\Assignments\assign1ModernOpenGL\Debug\vc100.pdb'; linking object as if no debug info
     1>libjpeg.lib(jccolor.obj) : warning LNK4099: PDB 'vc100.pdb' was not found with 'libjpeg.lib(jccolor.obj)' or at 'G:\Academic\Current_Courses\ComputerGraphics\Assignments\assign1ModernOpenGL\Debug\vc100.pdb'; linking object as if no debug info
     1>libjpeg.lib(jcsample.obj) : warning LNK4099: PDB 'vc100.pdb' was not found with 'libjpeg.lib(jcsample.obj)' or at 'G:\Academic\Current_Courses\ComputerGraphics\Assignments\assign1ModernOpenGL\Debug\vc100.pdb'; linking object as if no debug info
     1>libjpeg.lib(jchuff.obj) : warning LNK4099: PDB 'vc100.pdb' was not found with 'libjpeg.lib(jchuff.obj)' or at 'G:\Academic\Current_Courses\ComputerGraphics\Assignments\assign1ModernOpenGL\Debug\vc100.pdb'; linking object as if no debug info
     1>libjpeg.lib(jcdctmgr.obj) : warning LNK4099: PDB 'vc100.pdb' was not found with 'libjpeg.lib(jcdctmgr.obj)' or at 'G:\Academic\Current_Courses\ComputerGraphics\Assignments\assign1ModernOpenGL\Debug\vc100.pdb'; linking object as if no debug info
     1>libjpeg.lib(jfdctfst.obj) : warning LNK4099: PDB 'vc100.pdb' was not found with 'libjpeg.lib(jfdctfst.obj)' or at 'G:\Academic\Current_Courses\ComputerGraphics\Assignments\assign1ModernOpenGL\Debug\vc100.pdb'; linking object as if no debug info
     1>libjpeg.lib(jfdctflt.obj) : warning LNK4099: PDB 'vc100.pdb' was not found with 'libjpeg.lib(jfdctflt.obj)' or at 'G:\Academic\Current_Courses\ComputerGraphics\Assignments\assign1ModernOpenGL\Debug\vc100.pdb'; linking object as if no debug info
     1>libjpeg.lib(jfdctint.obj) : warning LNK4099: PDB 'vc100.pdb' was not found with 'libjpeg.lib(jfdctint.obj)' or at 'G:\Academic\Current_Courses\ComputerGraphics\Assignments\assign1ModernOpenGL\Debug\vc100.pdb'; linking object as if no debug info
     1>libjpeg.lib(jdapimin.obj) : warning LNK4099: PDB 'vc100.pdb' was not found with 'libjpeg.lib(jdapimin.obj)' or at 'G:\Academic\Current_Courses\ComputerGraphics\Assignments\assign1ModernOpenGL\Debug\vc100.pdb'; linking object as if no debug info
     1>libjpeg.lib(jdapistd.obj) : warning LNK4099: PDB 'vc100.pdb' was not found with 'libjpeg.lib(jdapistd.obj)' or at 'G:\Academic\Current_Courses\ComputerGraphics\Assignments\assign1ModernOpenGL\Debug\vc100.pdb'; linking object as if no debug info
     1>libjpeg.lib(jdarith.obj) : warning LNK4099: PDB 'vc100.pdb' was not found with 'libjpeg.lib(jdarith.obj)' or at 'G:\Academic\Current_Courses\ComputerGraphics\Assignments\assign1ModernOpenGL\Debug\vc100.pdb'; linking object as if no debug info
     1>libjpeg.lib(jdatasrc.obj) : warning LNK4099: PDB 'vc100.pdb' was not found with 'libjpeg.lib(jdatasrc.obj)' or at 'G:\Academic\Current_Courses\ComputerGraphics\Assignments\assign1ModernOpenGL\Debug\vc100.pdb'; linking object as if no debug info
     1>libjpeg.lib(jdmaster.obj) : warning LNK4099: PDB 'vc100.pdb' was not found with 'libjpeg.lib(jdmaster.obj)' or at 'G:\Academic\Current_Courses\ComputerGraphics\Assignments\assign1ModernOpenGL\Debug\vc100.pdb'; linking object as if no debug info
     1>libjpeg.lib(jdinput.obj) : warning LNK4099: PDB 'vc100.pdb' was not found with 'libjpeg.lib(jdinput.obj)' or at 'G:\Academic\Current_Courses\ComputerGraphics\Assignments\assign1ModernOpenGL\Debug\vc100.pdb'; linking object as if no debug info
     1>libjpeg.lib(jdmarker.obj) : warning LNK4099: PDB 'vc100.pdb' was not found with 'libjpeg.lib(jdmarker.obj)' or at 'G:\Academic\Current_Courses\ComputerGraphics\Assignments\assign1ModernOpenGL\Debug\vc100.pdb'; linking object as if no debug info
     1>libjpeg.lib(jdhuff.obj) : warning LNK4099: PDB 'vc100.pdb' was not found with 'libjpeg.lib(jdhuff.obj)' or at 'G:\Academic\Current_Courses\ComputerGraphics\Assignments\assign1ModernOpenGL\Debug\vc100.pdb'; linking object as if no debug info
     1>libjpeg.lib(jdmainct.obj) : warning LNK4099: PDB 'vc100.pdb' was not found with 'libjpeg.lib(jdmainct.obj)' or at 'G:\Academic\Current_Courses\ComputerGraphics\Assignments\assign1ModernOpenGL\Debug\vc100.pdb'; linking object as if no debug info
     1>libjpeg.lib(jdcoefct.obj) : warning LNK4099: PDB 'vc100.pdb' was not found with 'libjpeg.lib(jdcoefct.obj)' or at 'G:\Academic\Current_Courses\ComputerGraphics\Assignments\assign1ModernOpenGL\Debug\vc100.pdb'; linking object as if no debug info
     1>libjpeg.lib(jdpostct.obj) : warning LNK4099: PDB 'vc100.pdb' was not found with 'libjpeg.lib(jdpostct.obj)' or at 'G:\Academic\Current_Courses\ComputerGraphics\Assignments\assign1ModernOpenGL\Debug\vc100.pdb'; linking object as if no debug info
     1>libjpeg.lib(jddctmgr.obj) : warning LNK4099: PDB 'vc100.pdb' was not found with 'libjpeg.lib(jddctmgr.obj)' or at 'G:\Academic\Current_Courses\ComputerGraphics\Assignments\assign1ModernOpenGL\Debug\vc100.pdb'; linking object as if no debug info
     1>libjpeg.lib(jidctfst.obj) : warning LNK4099: PDB 'vc100.pdb' was not found with 'libjpeg.lib(jidctfst.obj)' or at 'G:\Academic\Current_Courses\ComputerGraphics\Assignments\assign1ModernOpenGL\Debug\vc100.pdb'; linking object as if no debug info
     1>libjpeg.lib(jidctflt.obj) : warning LNK4099: PDB 'vc100.pdb' was not found with 'libjpeg.lib(jidctflt.obj)' or at 'G:\Academic\Current_Courses\ComputerGraphics\Assignments\assign1ModernOpenGL\Debug\vc100.pdb'; linking object as if no debug info
     1>libjpeg.lib(jidctint.obj) : warning LNK4099: PDB 'vc100.pdb' was not found with 'libjpeg.lib(jidctint.obj)' or at 'G:\Academic\Current_Courses\ComputerGraphics\Assignments\assign1ModernOpenGL\Debug\vc100.pdb'; linking object as if no debug info
     1>libjpeg.lib(jdsample.obj) : warning LNK4099: PDB 'vc100.pdb' was not found with 'libjpeg.lib(jdsample.obj)' or at 'G:\Academic\Current_Courses\ComputerGraphics\Assignments\assign1ModernOpenGL\Debug\vc100.pdb'; linking object as if no debug info
     1>libjpeg.lib(jdcolor.obj) : warning LNK4099: PDB 'vc100.pdb' was not found with 'libjpeg.lib(jdcolor.obj)' or at 'G:\Academic\Current_Courses\ComputerGraphics\Assignments\assign1ModernOpenGL\Debug\vc100.pdb'; linking object as if no debug info
     1>libjpeg.lib(jquant1.obj) : warning LNK4099: PDB 'vc100.pdb' was not found with 'libjpeg.lib(jquant1.obj)' or at 'G:\Academic\Current_Courses\ComputerGraphics\Assignments\assign1ModernOpenGL\Debug\vc100.pdb'; linking object as if no debug info
     1>libjpeg.lib(jquant2.obj) : warning LNK4099: PDB 'vc100.pdb' was not found with 'libjpeg.lib(jquant2.obj)' or at 'G:\Academic\Current_Courses\ComputerGraphics\Assignments\assign1ModernOpenGL\Debug\vc100.pdb'; linking object as if no debug info
     1>libjpeg.lib(jdmerge.obj) : warning LNK4099: PDB 'vc100.pdb' was not found with 'libjpeg.lib(jdmerge.obj)' or at 'G:\Academic\Current_Courses\ComputerGraphics\Assignments\assign1ModernOpenGL\Debug\vc100.pdb'; linking object as if no debug info
     1>libjpeg.lib(jaricom.obj) : warning LNK4099: PDB 'vc100.pdb' was not found with 'libjpeg.lib(jaricom.obj)' or at 'G:\Academic\Current_Courses\ComputerGraphics\Assignments\assign1ModernOpenGL\Debug\vc100.pdb'; linking object as if no debug info
     1>libjpeg.lib(jcomapi.obj) : warning LNK4099: PDB 'vc100.pdb' was not found with 'libjpeg.lib(jcomapi.obj)' or at 'G:\Academic\Current_Courses\ComputerGraphics\Assignments\assign1ModernOpenGL\Debug\vc100.pdb'; linking object as if no debug info
     1>libjpeg.lib(jutils.obj) : warning LNK4099: PDB 'vc100.pdb' was not found with 'libjpeg.lib(jutils.obj)' or at 'G:\Academic\Current_Courses\ComputerGraphics\Assignments\assign1ModernOpenGL\Debug\vc100.pdb'; linking object as if no debug info
     1>libjpeg.lib(jerror.obj) : warning LNK4099: PDB 'vc100.pdb' was not found with 'libjpeg.lib(jerror.obj)' or at 'G:\Academic\Current_Courses\ComputerGraphics\Assignments\assign1ModernOpenGL\Debug\vc100.pdb'; linking object as if no debug info
     1>libjpeg.lib(jmemmgr.obj) : warning LNK4099: PDB 'vc100.pdb' was not found with 'libjpeg.lib(jmemmgr.obj)' or at 'G:\Academic\Current_Courses\ComputerGraphics\Assignments\assign1ModernOpenGL\Debug\vc100.pdb'; linking object as if no debug info
     1>libjpeg.lib(jmemnobs.obj) : warning LNK4099: PDB 'vc100.pdb' was not found with 'libjpeg.lib(jmemnobs.obj)' or at 'G:\Academic\Current_Courses\ComputerGraphics\Assignments\assign1ModernOpenGL\Debug\vc100.pdb'; linking object as if no debug info
         assign1ModernOpenGL.vcxproj -> G:\Academic\Current_Courses\ComputerGraphics\Assignments\assign1ModernOpenGL\Debug\assign1ModernOpenGL.exe
       PostBuildEvent:
         xcopy /y "G:\Academic\Current_Courses\ComputerGraphics\Assignments\assign1ModernOpenGL\assign1ModernOpenGL\dll" "G:\Academic\Current_Courses\ComputerGraphics\Assignments\assign1ModernOpenGL\Debug\"
         :VCEnd
         G:\Academic\Current_Courses\ComputerGraphics\Assignments\assign1ModernOpenGL\assign1ModernOpenGL\dll\glew32.dll
         G:\Academic\Current_Courses\ComputerGraphics\Assignments\assign1ModernOpenGL\assign1ModernOpenGL\dll\glfw3.dll
         G:\Academic\Current_Courses\ComputerGraphics\Assignments\assign1ModernOpenGL\assign1ModernOpenGL\dll\jpeg62.dll
         G:\Academic\Current_Courses\ComputerGraphics\Assignments\assign1ModernOpenGL\assign1ModernOpenGL\dll\libtiff3.dll
         G:\Academic\Current_Courses\ComputerGraphics\Assignments\assign1ModernOpenGL\assign1ModernOpenGL\dll\zlib1.dll
         5 File(s) copied
     1>Done Building Project "G:\Academic\Current_Courses\ComputerGraphics\Assignments\assign1ModernOpenGL\assign1ModernOpenGL\assign1ModernOpenGL.vcxproj" (Build target(s)).

Build succeeded.

Time Elapsed 00:00:02.49
